<?xml version="1.0" encoding="UTF-8"?>
<testng-results skipped="0" failed="0" total="1" passed="1">
  <reporter-output>
  </reporter-output>
  <suite name="Default suite" duration-ms="30204" started-at="2014-04-26T20:31:48Z" finished-at="2014-04-26T20:32:18Z">
    <groups>
    </groups>
    <test name="Default test" duration-ms="30204" started-at="2014-04-26T20:31:48Z" finished-at="2014-04-26T20:32:18Z">
      <class name="org.seleniummonster.com.Google">
        <test-method status="PASS" signature="setUp()[pri:0, instance:org.seleniummonster.com.Google@2b180bfd]" name="setUp" is-config="true" duration-ms="5011" started-at="2014-04-27T02:01:48Z" finished-at="2014-04-27T02:01:53Z">
          <reporter-output>
          </reporter-output>
        </test-method> <!-- setUp -->
        <test-method status="PASS" signature="search(java.lang.String, java.lang.String)[pri:0, instance:org.seleniummonster.com.Google@2b180bfd]" name="search" duration-ms="25087" started-at="2014-04-27T02:01:53Z" description="Google_Test" data-provider="keywords" finished-at="2014-04-27T02:02:18Z">
          <params>
            <param index="0">
              <value>
                <![CDATA[Prashanth Sams,Karthikeyan Annamalai]]>
              </value>
            </param>
            <param index="1">
              <value>
                <![CDATA[seleniumworks,Seleniummonster]]>
              </value>
            </param>
          </params>
          <reporter-output>
          </reporter-output>
        </test-method> <!-- search -->
        <test-method status="PASS" signature="tearDown()[pri:0, instance:org.seleniummonster.com.Google@2b180bfd]" name="tearDown" is-config="true" duration-ms="83" started-at="2014-04-27T02:02:18Z" finished-at="2014-04-27T02:02:18Z">
          <reporter-output>
          </reporter-output>
        </test-method> <!-- tearDown -->
      </class> <!-- org.seleniummonster.com.Google -->
    </test> <!-- Default test -->
  </suite> <!-- Default suite -->
</testng-results>
